<?xml version="1.0" encoding="UTF-8"?>
<!-- Generated by org.testng.reporters.JUnitReportReporter -->
<testsuite name="org.wallethub.suites.FacebookMessage" tests="1" time="20.547" ignored="0" failures="0" timestamp="27 Dec 2016 15:27:12 GMT" skipped="0" hostname="NguyenPT.local" errors="0">
  <testcase name="postAFacebookMessage" time="20.547" classname="org.wallethub.suites.FacebookMessage"/>
</testsuite> <!-- org.wallethub.suites.FacebookMessage -->
