<?xml version="1.0" encoding="UTF-8"?>
<!-- Generated by org.testng.reporters.JUnitReportReporter -->
<testsuite name="org.wallethub.suites.WalletHubReview" tests="1" time="28.557" ignored="0" failures="0" timestamp="27 Dec 2016 15:27:12 GMT" skipped="0" hostname="NguyenPT.local" errors="0">
  <testcase name="WalletHubReviewVerify" time="28.557" classname="org.wallethub.suites.WalletHubReview"/>
</testsuite> <!-- org.wallethub.suites.WalletHubReview -->
