<?xml version="1.0" encoding="UTF-8"?>
<!-- Generated by org.testng.reporters.JUnitReportReporter -->
<testsuite name="org.wallethub.suites.FacebookMessage" tests="1" time="23.334" ignored="0" failures="0" timestamp="28 Dec 2016 17:22:50 GMT" skipped="0" hostname="NguyenPT.local" errors="0">
  <testcase name="postAFacebookMessage" time="23.334" classname="org.wallethub.suites.FacebookMessage"/>
</testsuite> <!-- org.wallethub.suites.FacebookMessage -->
