<?xml version="1.0" encoding="UTF-8"?>
<!-- Generated by org.testng.reporters.JUnitReportReporter -->
<testsuite name="org.wallethub.suites.FacebookMessage" tests="1" time="23.496" ignored="0" failures="0" timestamp="04 Jan 2017 07:37:35 GMT" skipped="0" hostname="NguyenPT.local" errors="0">
  <testcase name="postAFacebookMessage" time="23.496" classname="org.wallethub.suites.FacebookMessage"/>
</testsuite> <!-- org.wallethub.suites.FacebookMessage -->
