<?xml version="1.0" encoding="UTF-8"?>
<!-- Generated by org.testng.reporters.JUnitReportReporter -->
<testsuite name="org.wallethub.suites.WalletHubReview" tests="1" time="33.488" ignored="0" failures="0" timestamp="04 Jan 2017 07:37:35 GMT" skipped="0" hostname="NguyenPT.local" errors="0">
  <testcase name="WalletHubReviewVerify" time="33.488" classname="org.wallethub.suites.WalletHubReview"/>
</testsuite> <!-- org.wallethub.suites.WalletHubReview -->
